#
# There is insufficient memory for the Java Runtime Environment to continue.
# Native memory allocation (malloc) failed to allocate 1048576 bytes. Error detail: AllocateHeap
# Possible reasons:
#   The system is out of physical RAM or swap space
#   This process is running with CompressedOops enabled, and the Java Heap may be blocking the growth of the native heap
# Possible solutions:
#   Reduce memory load on the system
#   Increase physical memory or swap space
#   Check if swap backing store is full
#   Decrease Java heap size (-Xmx/-Xms)
#   Decrease number of Java threads
#   Decrease Java thread stack sizes (-Xss)
#   Set larger code cache with -XX:ReservedCodeCacheSize=
#   JVM is running with Unscaled Compressed Oops mode in which the Java heap is
#     placed in the first 4GB address space. The Java Heap base address is the
#     maximum limit for the native heap growth. Please use -XX:HeapBaseMinAddress
#     to set the Java Heap base and to place the Java Heap above 4GB virtual address.
# This output file may be truncated or incomplete.
#
#  Out of Memory Error (allocation.cpp:44), pid=11608, tid=3848
#
# JRE version: OpenJDK Runtime Environment (22.0.1+8) (build 22.0.1+8-16)
# Java VM: OpenJDK 64-Bit Server VM (22.0.1+8-16, mixed mode, emulated-client, sharing, tiered, compressed oops, compressed class ptrs, g1 gc, windows-amd64)
# No core dump will be written. Minidumps are not enabled by default on client versions of Windows
#

---------------  S U M M A R Y ------------

Command Line: -XX:TieredStopAtLevel=1 -Dspring.output.ansi.enabled=always -Dcom.sun.management.jmxremote -Dspring.jmx.enabled=true -Dspring.liveBeansView.mbeanDomain -Dspring.application.admin.enabled=true -Dmanagement.endpoints.jmx.exposure.include=* -javaagent:D:\JetBrains\IntelliJ IDEA 2024.1\lib\idea_rt.jar=51910:D:\JetBrains\IntelliJ IDEA 2024.1\bin -Dfile.encoding=UTF-8 -Dsun.stdout.encoding=UTF-8 -Dsun.stderr.encoding=UTF-8 com.AndresSanchezDev.SISTEMASPURI.SistemaspuriApplication

Host: Intel(R) Core(TM) i3-8100 CPU @ 3.60GHz, 4 cores, 7G,  Windows 10 , 64 bit Build 19041 (10.0.19041.5915)
Time: Sat Nov  8 10:54:04 2025 Hora est. Pacífico, Sudamérica elapsed time: 269.166487 seconds (0d 0h 4m 29s)

---------------  T H R E A D  ---------------

Current thread (0x000001d78f758760):  VMThread "VM Thread"          [id=3848, stack(0x0000006a25700000,0x0000006a25800000) (1024K)]

Stack: [0x0000006a25700000,0x0000006a25800000]
Native frames: (J=compiled Java code, j=interpreted, Vv=VM code, C=native code)
V  [jvm.dll+0x6e2279]  (no source info available)
V  [jvm.dll+0x874e33]  (no source info available)
V  [jvm.dll+0x87725e]  (no source info available)
V  [jvm.dll+0x877933]  (no source info available)
V  [jvm.dll+0x27fd76]  (no source info available)
V  [jvm.dll+0xbe877]  (no source info available)
V  [jvm.dll+0x348dff]  (no source info available)
V  [jvm.dll+0x3437ae]  (no source info available)
V  [jvm.dll+0x32bfcc]  (no source info available)
V  [jvm.dll+0x3701e4]  (no source info available)
V  [jvm.dll+0x87d7d0]  (no source info available)
V  [jvm.dll+0x87eb57]  (no source info available)
V  [jvm.dll+0x87f0d0]  (no source info available)
V  [jvm.dll+0x87f373]  (no source info available)
V  [jvm.dll+0x81d44b]  (no source info available)
V  [jvm.dll+0x6e0915]  (no source info available)
C  [ucrtbase.dll+0x21bb2]  (no source info available)
C  [KERNEL32.DLL+0x17374]  (no source info available)
C  [ntdll.dll+0x4cc91]  (no source info available)

VM_Operation (0x0000006a24eff250): G1CollectFull, mode: safepoint, requested by thread 0x000001d7d67bdd30


---------------  P R O C E S S  ---------------

Threads class SMR info:
_java_thread_list=0x000001d7d7fabd40, length=17, elements={
0x000001d78f776d10, 0x000001d78f777de0, 0x000001d78f77b1e0, 0x000001d78f77d1b0,
0x000001d78f77dc10, 0x000001d78f77e670, 0x000001d78f77f350, 0x000001d78f7ddea0,
0x000001d7d50509e0, 0x000001d7d5051050, 0x000001d7d51b84a0, 0x000001d7d5d8c6a0,
0x000001d7d67be3c0, 0x000001d7d67bbc60, 0x000001d7d7ecda60, 0x000001d7d7ffa240,
0x000001d7d67bdd30
}

Java Threads: ( => current thread )
  0x000001d78f776d10 JavaThread "Reference Handler"          daemon [_thread_blocked, id=11188, stack(0x0000006a25800000,0x0000006a25900000) (1024K)]
  0x000001d78f777de0 JavaThread "Finalizer"                  daemon [_thread_blocked, id=9340, stack(0x0000006a25900000,0x0000006a25a00000) (1024K)]
  0x000001d78f77b1e0 JavaThread "Signal Dispatcher"          daemon [_thread_blocked, id=8628, stack(0x0000006a25a00000,0x0000006a25b00000) (1024K)]
  0x000001d78f77d1b0 JavaThread "Attach Listener"            daemon [_thread_blocked, id=508, stack(0x0000006a25b00000,0x0000006a25c00000) (1024K)]
  0x000001d78f77dc10 JavaThread "Service Thread"             daemon [_thread_blocked, id=1592, stack(0x0000006a25c00000,0x0000006a25d00000) (1024K)]
  0x000001d78f77e670 JavaThread "Monitor Deflation Thread"   daemon [_thread_blocked, id=8148, stack(0x0000006a25d00000,0x0000006a25e00000) (1024K)]
  0x000001d78f77f350 JavaThread "C1 CompilerThread0"         daemon [_thread_blocked, id=6924, stack(0x0000006a25e00000,0x0000006a25f00000) (1024K)]
  0x000001d78f7ddea0 JavaThread "Common-Cleaner"             daemon [_thread_blocked, id=11360, stack(0x0000006a25f00000,0x0000006a26000000) (1024K)]
  0x000001d7d50509e0 JavaThread "Monitor Ctrl-Break"         daemon [_thread_in_native, id=11988, stack(0x0000006a26100000,0x0000006a26200000) (1024K)]
  0x000001d7d5051050 JavaThread "Notification Thread"        daemon [_thread_blocked, id=2240, stack(0x0000006a26200000,0x0000006a26300000) (1024K)]
  0x000001d7d51b84a0 JavaThread "RMI TCP Accept-0"           daemon [_thread_in_native, id=4916, stack(0x0000006a26700000,0x0000006a26800000) (1024K)]
  0x000001d7d5d8c6a0 JavaThread "RMI Scheduler(0)"           daemon [_thread_blocked, id=11508, stack(0x0000006a26c00000,0x0000006a26d00000) (1024K)]
  0x000001d7d67be3c0 JavaThread "mysql-cj-abandoned-connection-cleanup" daemon [_thread_blocked, id=6460, stack(0x0000006a26e00000,0x0000006a26f00000) (1024K)]
  0x000001d7d67bbc60 JavaThread "Live Reload Server"         daemon [_thread_in_native, id=6540, stack(0x0000006a27700000,0x0000006a27800000) (1024K)]
  0x000001d7d7ecda60 JavaThread "DestroyJavaVM"                     [_thread_blocked, id=12084, stack(0x0000006a25000000,0x0000006a25100000) (1024K)]
  0x000001d7d7ffa240 JavaThread "C1 CompilerThread1"         daemon [_thread_blocked, id=11552, stack(0x0000006a26b00000,0x0000006a26c00000) (1024K)]
  0x000001d7d67bdd30 JavaThread "Thread-15"                         [_thread_blocked, id=1352, stack(0x0000006a24e00000,0x0000006a24f00000) (1024K)]
Total: 17

Other Threads:
=>0x000001d78f758760 VMThread "VM Thread"                           [id=3848, stack(0x0000006a25700000,0x0000006a25800000) (1024K)]
  0x000001d78f740730 WatcherThread "VM Periodic Task Thread"        [id=2704, stack(0x0000006a25600000,0x0000006a25700000) (1024K)]
  0x000001d7ff9383b0 WorkerThread "GC Thread#0"                     [id=12040, stack(0x0000006a25100000,0x0000006a25200000) (1024K)]
  0x000001d7d52ed310 WorkerThread "GC Thread#1"                     [id=12096, stack(0x0000006a26400000,0x0000006a26500000) (1024K)]
  0x000001d7d52ed6c0 WorkerThread "GC Thread#2"                     [id=7288, stack(0x0000006a26500000,0x0000006a26600000) (1024K)]
  0x000001d7d52ffc00 WorkerThread "GC Thread#3"                     [id=32, stack(0x0000006a26600000,0x0000006a26700000) (1024K)]
  0x000001d7ff9450c0 ConcurrentGCThread "G1 Main Marker"            [id=2620, stack(0x0000006a25200000,0x0000006a25300000) (1024K)]
  0x000001d7ff946180 WorkerThread "G1 Conc#0"                       [id=9460, stack(0x0000006a25300000,0x0000006a25400000) (1024K)]
  0x000001d7ff99e6e0 ConcurrentGCThread "G1 Refine#0"               [id=9536, stack(0x0000006a25400000,0x0000006a25500000) (1024K)]
  0x000001d78f6123b0 ConcurrentGCThread "G1 Service"                [id=10092, stack(0x0000006a25500000,0x0000006a25600000) (1024K)]
Total: 10

Threads with active compile tasks:
C1 CompilerThread0  269399 10342       1       java.lang.Thread::getThreadGroup (30 bytes)
Total: 1

VM state: at safepoint (normal execution)

VM Mutex/Monitor currently owned by a thread:  ([mutex/lock_event])
[0x00007ffd1fb0bbb8] Threads_lock - owner thread: 0x000001d78f758760
[0x00007ffd1fb0bcb8] Heap_lock - owner thread: 0x000001d7d67bdd30

Heap address: 0x0000000082600000, size: 2010 MB, Compressed Oops mode: 32-bit

CDS archive(s) mapped at: [0x000001d790000000-0x000001d790c50000-0x000001d790c50000), size 12910592, SharedBaseAddress: 0x000001d790000000, ArchiveRelocationMode: 1.
Compressed class space mapped at: 0x000001d791000000-0x000001d7d1000000, reserved size: 1073741824
Narrow klass base: 0x000001d790000000, Narrow klass shift: 0, Narrow klass range: 0x41000000

GC Precious Log:
 CardTable entry size: 512
 Card Set container configuration: InlinePtr #cards 5 size 8 Array Of Cards #cards 12 size 40 Howl #buckets 4 coarsen threshold 1843 Howl Bitmap #cards 512 size 80 coarsen threshold 460 Card regions per heap region 1 cards per card region 2048
 CPUs: 4 total, 4 available
 Memory: 8033M
 Large Page Support: Disabled
 NUMA Support: Disabled
 Compressed Oops: Enabled (32-bit)
 Heap Region Size: 1M
 Heap Min Capacity: 8M
 Heap Initial Capacity: 126M
 Heap Max Capacity: 2010M
 Pre-touch: Disabled
 Parallel Workers: 4
 Concurrent Workers: 1
 Concurrent Refinement Workers: 4
 Periodic GC: Disabled

Heap:
 garbage-first heap   total reserved 2058240K, committed 81920K, used 53520K [0x0000000082600000, 0x0000000100000000)
  region size 1024K, 22 young (22528K), 3 survivors (3072K)
 Metaspace       used 67899K, committed 68608K, reserved 1114112K
  class space    used 9796K, committed 10112K, reserved 1048576K

Heap Regions: E=young(eden), S=young(survivor), O=old, HS=humongous(starts), HC=humongous(continues), CS=collection set, F=free, TAMS=top-at-mark-start, PB=parsable bottom
|   0|0x0000000082600000, 0x0000000082700000, 0x0000000082700000|100%|HS|  |TAMS 0x0000000082600000| PB 0x0000000082600000| Complete |  0
|   1|0x0000000082700000, 0x0000000082800000, 0x0000000082800000|100%|HS|  |TAMS 0x0000000082700000| PB 0x0000000082700000| Complete |  0
|   2|0x0000000082800000, 0x0000000082900000, 0x0000000082900000|100%| O|  |TAMS 0x0000000082800000| PB 0x0000000082800000| Untracked |  0
|   3|0x0000000082900000, 0x00000000829fffe8, 0x0000000082a00000| 99%| O|  |TAMS 0x0000000082900000| PB 0x0000000082900000| Untracked |  0
|   4|0x0000000082a00000, 0x0000000082b00000, 0x0000000082b00000|100%| O|  |TAMS 0x0000000082a00000| PB 0x0000000082a00000| Untracked |  0
|   5|0x0000000082b00000, 0x0000000082bffff8, 0x0000000082c00000| 99%| O|  |TAMS 0x0000000082b00000| PB 0x0000000082b00000| Untracked |  0
|   6|0x0000000082c00000, 0x0000000082cfffe0, 0x0000000082d00000| 99%| O|  |TAMS 0x0000000082c00000| PB 0x0000000082c00000| Untracked |  0
|   7|0x0000000082d00000, 0x0000000082dffff8, 0x0000000082e00000| 99%| O|  |TAMS 0x0000000082d00000| PB 0x0000000082d00000| Untracked |  0
|   8|0x0000000082e00000, 0x0000000082effe08, 0x0000000082f00000| 99%| O|  |TAMS 0x0000000082e00000| PB 0x0000000082e00000| Untracked |  0
|   9|0x0000000082f00000, 0x0000000082fffff0, 0x0000000083000000| 99%| O|  |TAMS 0x0000000082f00000| PB 0x0000000082f00000| Untracked |  0
|  10|0x0000000083000000, 0x00000000830fffd0, 0x0000000083100000| 99%| O|  |TAMS 0x0000000083000000| PB 0x0000000083000000| Untracked |  0
|  11|0x0000000083100000, 0x0000000083200000, 0x0000000083200000|100%| O|  |TAMS 0x0000000083100000| PB 0x0000000083100000| Untracked |  0
|  12|0x0000000083200000, 0x00000000832fffd8, 0x0000000083300000| 99%| O|  |TAMS 0x0000000083200000| PB 0x0000000083200000| Untracked |  0
|  13|0x0000000083300000, 0x00000000833ffff8, 0x0000000083400000| 99%| O|  |TAMS 0x0000000083300000| PB 0x0000000083300000| Untracked |  0
|  14|0x0000000083400000, 0x00000000834ffff0, 0x0000000083500000| 99%| O|  |TAMS 0x0000000083400000| PB 0x0000000083400000| Untracked |  0
|  15|0x0000000083500000, 0x00000000835fffb8, 0x0000000083600000| 99%| O|  |TAMS 0x0000000083500000| PB 0x0000000083500000| Untracked |  0
|  16|0x0000000083600000, 0x00000000836fffd8, 0x0000000083700000| 99%| O|  |TAMS 0x0000000083600000| PB 0x0000000083600000| Untracked |  0
|  17|0x0000000083700000, 0x00000000837ffff8, 0x0000000083800000| 99%| O|  |TAMS 0x0000000083700000| PB 0x0000000083700000| Untracked |  0
|  18|0x0000000083800000, 0x00000000838fffe0, 0x0000000083900000| 99%| O|  |TAMS 0x0000000083800000| PB 0x0000000083800000| Untracked |  0
|  19|0x0000000083900000, 0x00000000839ffff8, 0x0000000083a00000| 99%| O|  |TAMS 0x0000000083900000| PB 0x0000000083900000| Untracked |  0
|  20|0x0000000083a00000, 0x0000000083affff0, 0x0000000083b00000| 99%| O|  |TAMS 0x0000000083a00000| PB 0x0000000083a00000| Untracked |  0
|  21|0x0000000083b00000, 0x0000000083c00000, 0x0000000083c00000|100%| O|  |TAMS 0x0000000083b00000| PB 0x0000000083b00000| Untracked |  0
|  22|0x0000000083c00000, 0x0000000083cffff8, 0x0000000083d00000| 99%| O|  |TAMS 0x0000000083c00000| PB 0x0000000083c00000| Untracked |  0
|  23|0x0000000083d00000, 0x0000000083df8710, 0x0000000083e00000| 97%| O|  |TAMS 0x0000000083d00000| PB 0x0000000083d00000| Untracked |  0
|  24|0x0000000083e00000, 0x0000000083effff0, 0x0000000083f00000| 99%| O|  |TAMS 0x0000000083e00000| PB 0x0000000083e00000| Untracked |  0
|  25|0x0000000083f00000, 0x0000000083fffff8, 0x0000000084000000| 99%| O|  |TAMS 0x0000000083f00000| PB 0x0000000083f00000| Untracked |  0
|  26|0x0000000084000000, 0x0000000084100000, 0x0000000084100000|100%| O|  |TAMS 0x0000000084000000| PB 0x0000000084000000| Untracked |  0
|  27|0x0000000084100000, 0x00000000841b7e50, 0x0000000084200000| 71%| O|  |TAMS 0x0000000084100000| PB 0x0000000084100000| Untracked |  0
|  28|0x0000000084200000, 0x0000000084200000, 0x0000000084300000|  0%| F|  |TAMS 0x0000000084200000| PB 0x0000000084200000| Untracked |  0
|  29|0x0000000084300000, 0x0000000084400000, 0x0000000084400000|100%| O|  |TAMS 0x0000000084300000| PB 0x0000000084300000| Untracked |  0
|  30|0x0000000084400000, 0x0000000084500000, 0x0000000084500000|100%| O|  |TAMS 0x0000000084400000| PB 0x0000000084400000| Untracked |  0
|  31|0x0000000084500000, 0x0000000084600000, 0x0000000084600000|100%| O|  |TAMS 0x0000000084500000| PB 0x0000000084500000| Untracked |  0
|  32|0x0000000084600000, 0x00000000846cb0c0, 0x0000000084700000| 79%| O|  |TAMS 0x0000000084600000| PB 0x0000000084600000| Untracked |  0
|  33|0x0000000084700000, 0x0000000084700000, 0x0000000084800000|  0%| F|  |TAMS 0x0000000084700000| PB 0x0000000084700000| Untracked |  0
|  34|0x0000000084800000, 0x0000000084800000, 0x0000000084900000|  0%| F|  |TAMS 0x0000000084800000| PB 0x0000000084800000| Untracked |  0
|  35|0x0000000084900000, 0x0000000084900000, 0x0000000084a00000|  0%| F|  |TAMS 0x0000000084900000| PB 0x0000000084900000| Untracked |  0
|  36|0x0000000084a00000, 0x0000000084ac9128, 0x0000000084b00000| 78%| S|CS|TAMS 0x0000000084a00000| PB 0x0000000084a00000| Complete |  0
|  37|0x0000000084b00000, 0x0000000084b00000, 0x0000000084c00000|  0%| F|  |TAMS 0x0000000084b00000| PB 0x0000000084b00000| Untracked |  0
|  38|0x0000000084c00000, 0x0000000084c00000, 0x0000000084d00000|  0%| F|  |TAMS 0x0000000084c00000| PB 0x0000000084c00000| Untracked |  0
|  39|0x0000000084d00000, 0x0000000084e00000, 0x0000000084e00000|100%| S|CS|TAMS 0x0000000084d00000| PB 0x0000000084d00000| Complete |  0
|  40|0x0000000084e00000, 0x0000000084f00000, 0x0000000084f00000|100%| S|CS|TAMS 0x0000000084e00000| PB 0x0000000084e00000| Complete |  0
|  41|0x0000000084f00000, 0x0000000084f00000, 0x0000000085000000|  0%| F|  |TAMS 0x0000000084f00000| PB 0x0000000084f00000| Untracked |  0
|  42|0x0000000085000000, 0x0000000085000000, 0x0000000085100000|  0%| F|  |TAMS 0x0000000085000000| PB 0x0000000085000000| Untracked |  0
|  43|0x0000000085100000, 0x0000000085100000, 0x0000000085200000|  0%| F|  |TAMS 0x0000000085100000| PB 0x0000000085100000| Untracked |  0
|  44|0x0000000085200000, 0x0000000085200000, 0x0000000085300000|  0%| F|  |TAMS 0x0000000085200000| PB 0x0000000085200000| Untracked |  0
|  45|0x0000000085300000, 0x0000000085300000, 0x0000000085400000|  0%| F|  |TAMS 0x0000000085300000| PB 0x0000000085300000| Untracked |  0
|  46|0x0000000085400000, 0x0000000085400000, 0x0000000085500000|  0%| F|  |TAMS 0x0000000085400000| PB 0x0000000085400000| Untracked |  0
|  47|0x0000000085500000, 0x0000000085500000, 0x0000000085600000|  0%| F|  |TAMS 0x0000000085500000| PB 0x0000000085500000| Untracked |  0
|  48|0x0000000085600000, 0x0000000085600000, 0x0000000085700000|  0%| F|  |TAMS 0x0000000085600000| PB 0x0000000085600000| Untracked |  0
|  49|0x0000000085700000, 0x0000000085700000, 0x0000000085800000|  0%| F|  |TAMS 0x0000000085700000| PB 0x0000000085700000| Untracked |  0
|  50|0x0000000085800000, 0x0000000085800000, 0x0000000085900000|  0%| F|  |TAMS 0x0000000085800000| PB 0x0000000085800000| Untracked |  0
|  51|0x0000000085900000, 0x0000000085900000, 0x0000000085a00000|  0%| F|  |TAMS 0x0000000085900000| PB 0x0000000085900000| Untracked |  0
|  52|0x0000000085a00000, 0x0000000085a00000, 0x0000000085b00000|  0%| F|  |TAMS 0x0000000085a00000| PB 0x0000000085a00000| Untracked |  0
|  53|0x0000000085b00000, 0x0000000085b00000, 0x0000000085c00000|  0%| F|  |TAMS 0x0000000085b00000| PB 0x0000000085b00000| Untracked |  0
|  54|0x0000000085c00000, 0x0000000085c00000, 0x0000000085d00000|  0%| F|  |TAMS 0x0000000085c00000| PB 0x0000000085c00000| Untracked |  0
|  55|0x0000000085d00000, 0x0000000085d00000, 0x0000000085e00000|  0%| F|  |TAMS 0x0000000085d00000| PB 0x0000000085d00000| Untracked |  0
|  56|0x0000000085e00000, 0x0000000085e00000, 0x0000000085f00000|  0%| F|  |TAMS 0x0000000085e00000| PB 0x0000000085e00000| Untracked |  0
|  57|0x0000000085f00000, 0x0000000085f00000, 0x0000000086000000|  0%| F|  |TAMS 0x0000000085f00000| PB 0x0000000085f00000| Untracked |  0
|  58|0x0000000086000000, 0x0000000086000000, 0x0000000086100000|  0%| F|  |TAMS 0x0000000086000000| PB 0x0000000086000000| Untracked |  0
|  59|0x0000000086100000, 0x0000000086100000, 0x0000000086200000|  0%| F|  |TAMS 0x0000000086100000| PB 0x0000000086100000| Untracked |  0
|  60|0x0000000086200000, 0x0000000086200000, 0x0000000086300000|  0%| F|  |TAMS 0x0000000086200000| PB 0x0000000086200000| Untracked |  0
|  61|0x0000000086300000, 0x00000000863404d0, 0x0000000086400000| 25%| E|  |TAMS 0x0000000086300000| PB 0x0000000086300000| Complete |  0
|  62|0x0000000086400000, 0x0000000086500000, 0x0000000086500000|100%| E|CS|TAMS 0x0000000086400000| PB 0x0000000086400000| Complete |  0
|  63|0x0000000086500000, 0x0000000086600000, 0x0000000086600000|100%| E|CS|TAMS 0x0000000086500000| PB 0x0000000086500000| Complete |  0
|  64|0x0000000086600000, 0x0000000086700000, 0x0000000086700000|100%| E|CS|TAMS 0x0000000086600000| PB 0x0000000086600000| Complete |  0
|  65|0x0000000086700000, 0x0000000086800000, 0x0000000086800000|100%| E|CS|TAMS 0x0000000086700000| PB 0x0000000086700000| Complete |  0
|  66|0x0000000086800000, 0x0000000086900000, 0x0000000086900000|100%| E|CS|TAMS 0x0000000086800000| PB 0x0000000086800000| Complete |  0
|  67|0x0000000086900000, 0x0000000086a00000, 0x0000000086a00000|100%| E|CS|TAMS 0x0000000086900000| PB 0x0000000086900000| Complete |  0
|  68|0x0000000086a00000, 0x0000000086b00000, 0x0000000086b00000|100%| E|CS|TAMS 0x0000000086a00000| PB 0x0000000086a00000| Complete |  0
|  69|0x0000000086b00000, 0x0000000086c00000, 0x0000000086c00000|100%| E|CS|TAMS 0x0000000086b00000| PB 0x0000000086b00000| Complete |  0
|  70|0x0000000086c00000, 0x0000000086d00000, 0x0000000086d00000|100%| E|CS|TAMS 0x0000000086c00000| PB 0x0000000086c00000| Complete |  0
|  71|0x0000000086d00000, 0x0000000086e00000, 0x0000000086e00000|100%| E|CS|TAMS 0x0000000086d00000| PB 0x0000000086d00000| Complete |  0
|  72|0x0000000086e00000, 0x0000000086f00000, 0x0000000086f00000|100%| E|CS|TAMS 0x0000000086e00000| PB 0x0000000086e00000| Complete |  0
| 117|0x0000000089b00000, 0x0000000089c00000, 0x0000000089c00000|100%| E|CS|TAMS 0x0000000089b00000| PB 0x0000000089b00000| Complete |  0
| 118|0x0000000089c00000, 0x0000000089d00000, 0x0000000089d00000|100%| E|CS|TAMS 0x0000000089c00000| PB 0x0000000089c00000| Complete |  0
| 119|0x0000000089d00000, 0x0000000089e00000, 0x0000000089e00000|100%| E|CS|TAMS 0x0000000089d00000| PB 0x0000000089d00000| Complete |  0
| 120|0x0000000089e00000, 0x0000000089f00000, 0x0000000089f00000|100%| E|CS|TAMS 0x0000000089e00000| PB 0x0000000089e00000| Complete |  0
| 121|0x0000000089f00000, 0x000000008a000000, 0x000000008a000000|100%| E|CS|TAMS 0x0000000089f00000| PB 0x0000000089f00000| Complete |  0
| 122|0x000000008a000000, 0x000000008a100000, 0x000000008a100000|100%| E|CS|TAMS 0x000000008a000000| PB 0x000000008a000000| Complete |  0
| 125|0x000000008a300000, 0x000000008a400000, 0x000000008a400000|100%| E|CS|TAMS 0x000000008a300000| PB 0x000000008a300000| Complete |  0

Card table byte_map: [0x000001d78b280000,0x000001d78b670000] _byte_map_base: 0x000001d78ae6d000

Marking Bits: (CMBitMap*) 0x000001d7ff9389d0
 Bits: [0x000001d78b670000, 0x000001d78d5d8000)

Polling page: 0x000001d7ff0a0000

Metaspace:

Usage:
  Non-class:     56.74 MB used.
      Class:      9.57 MB used.
       Both:     66.31 MB used.

Virtual space:
  Non-class space:       64.00 MB reserved,      57.12 MB ( 89%) committed,  1 nodes.
      Class space:        1.00 GB reserved,       9.88 MB ( <1%) committed,  1 nodes.
             Both:        1.06 GB reserved,      67.00 MB (  6%) committed. 

Chunk freelists:
   Non-Class:  6.54 MB
       Class:  5.95 MB
        Both:  12.49 MB

MaxMetaspaceSize: unlimited
CompressedClassSpaceSize: 1.00 GB
Initial GC threshold: 21.00 MB
Current GC threshold: 110.75 MB
CDS: on
 - commit_granule_bytes: 65536.
 - commit_granule_words: 8192.
 - virtual_space_node_default_size: 8388608.
 - enlarge_chunks_in_place: 1.
 - use_allocation_guard: 0.


Internal statistics:

num_allocs_failed_limit: 6.
num_arena_births: 1306.
num_arena_deaths: 478.
num_vsnodes_births: 2.
num_vsnodes_deaths: 0.
num_space_committed: 1072.
num_space_uncommitted: 0.
num_chunks_returned_to_freelist: 522.
num_chunks_taken_from_freelist: 3986.
num_chunk_merges: 110.
num_chunk_splits: 2639.
num_chunks_enlarged: 2038.
num_inconsistent_stats: 0.

CodeCache: size=49152Kb used=14516Kb max_used=15073Kb free=34635Kb
 bounds [0x000001d788280000, 0x000001d789150000, 0x000001d78b280000]
 total_blobs=8199 nmethods=7478 adapters=642
 compilation: enabled
              stopped_count=0, restarted_count=0
 full_count=0

Compilation events (20 events):
Event: 267.718 Thread 0x000001d7d80e93e0 nmethod 10330 0x000001d7883ccd10 code [0x000001d7883ccf40, 0x000001d7883cd560]
Event: 267.718 Thread 0x000001d7d7ffa240 10333   !   1       org.springframework.context.event.AbstractApplicationEventMulticaster::supportsEvent (104 bytes)
Event: 267.718 Thread 0x000001d7d7ffa240 nmethod 10333 0x000001d7883cc210 code [0x000001d7883cc460, 0x000001d7883cc930]
Event: 269.141 Thread 0x000001d7d7ffa240 10334       1       java.net.NetworkInterface::<init> (15 bytes)
Event: 269.141 Thread 0x000001d7d7ffa240 nmethod 10334 0x000001d7883cbf10 code [0x000001d7883cc0a0, 0x000001d7883cc190]
Event: 269.146 Thread 0x000001d7d7ffa240 10335       1       java.net.StandardSocketOptions$StdSocketOption::type (5 bytes)
Event: 269.146 Thread 0x000001d78f77f350 10336       1       sun.net.ext.ExtendedSocketOptions::options (5 bytes)
Event: 269.146 Thread 0x000001d7d7ffa240 nmethod 10335 0x000001d7883cbc10 code [0x000001d7883cbda0, 0x000001d7883cbe68]
Event: 269.146 Thread 0x000001d7d7ffa240 10337       1       sun.nio.ch.OptionKey::level (5 bytes)
Event: 269.146 Thread 0x000001d78f77f350 nmethod 10336 0x000001d7883cb910 code [0x000001d7883cbaa0, 0x000001d7883cbb68]
Event: 269.146 Thread 0x000001d78f77f350 10338       1       sun.nio.ch.OptionKey::name (5 bytes)
Event: 269.146 Thread 0x000001d7d7ffa240 nmethod 10337 0x000001d7883cb610 code [0x000001d7883cb7a0, 0x000001d7883cb868]
Event: 269.146 Thread 0x000001d78f77f350 nmethod 10338 0x000001d7883cb310 code [0x000001d7883cb4a0, 0x000001d7883cb568]
Event: 269.147 Thread 0x000001d78f77f350 10339       1       org.springframework.util.ConcurrentReferenceHashMap$EntryIterator::moveToNextSegment (55 bytes)
Event: 269.147 Thread 0x000001d78f77f350 nmethod 10339 0x000001d7883cae90 code [0x000001d7883cb020, 0x000001d7883cb1e8]
Event: 269.147 Thread 0x000001d78f77f350 10340       1       org.apache.catalina.ContainerEvent::getType (5 bytes)
Event: 269.147 Thread 0x000001d78f77f350 nmethod 10340 0x000001d7883cab90 code [0x000001d7883cad20, 0x000001d7883cade8]
Event: 269.148 Thread 0x000001d78f77f350 10341       1       java.lang.Thread::isTerminated (16 bytes)
Event: 269.148 Thread 0x000001d78f77f350 nmethod 10341 0x000001d7883ca810 code [0x000001d7883ca9a0, 0x000001d7883caaa8]
Event: 269.148 Thread 0x000001d78f77f350 10342       1       java.lang.Thread::getThreadGroup (30 bytes)

GC Heap History (20 events):
Event: 240.808 GC heap after
{Heap after GC invocations=30 (full 1):
 garbage-first heap   total reserved 2058240K, committed 67584K, used 30103K [0x0000000082600000, 0x0000000100000000)
  region size 1024K, 2 young (2048K), 2 survivors (2048K)
 Metaspace       used 66002K, committed 66752K, reserved 1114112K
  class space    used 9610K, committed 9984K, reserved 1048576K
}
Event: 241.102 GC heap before
{Heap before GC invocations=30 (full 1):
 garbage-first heap   total reserved 2058240K, committed 67584K, used 57751K [0x0000000082600000, 0x0000000100000000)
  region size 1024K, 29 young (29696K), 2 survivors (2048K)
 Metaspace       used 66409K, committed 67136K, reserved 1114112K
  class space    used 9647K, committed 9984K, reserved 1048576K
}
Event: 241.106 GC heap after
{Heap after GC invocations=31 (full 1):
 garbage-first heap   total reserved 2058240K, committed 67584K, used 33809K [0x0000000082600000, 0x0000000100000000)
  region size 1024K, 4 young (4096K), 4 survivors (4096K)
 Metaspace       used 66409K, committed 67136K, reserved 1114112K
  class space    used 9647K, committed 9984K, reserved 1048576K
}
Event: 242.736 GC heap before
{Heap before GC invocations=32 (full 1):
 garbage-first heap   total reserved 2058240K, committed 67584K, used 49169K [0x0000000082600000, 0x0000000100000000)
  region size 1024K, 20 young (20480K), 4 survivors (4096K)
 Metaspace       used 66505K, committed 67200K, reserved 1114112K
  class space    used 9661K, committed 9984K, reserved 1048576K
}
Event: 242.778 GC heap after
{Heap after GC invocations=33 (full 2):
 garbage-first heap   total reserved 2058240K, committed 67584K, used 27017K [0x0000000082600000, 0x0000000100000000)
  region size 1024K, 0 young (0K), 0 survivors (0K)
 Metaspace       used 66441K, committed 67200K, reserved 1114112K
  class space    used 9645K, committed 9984K, reserved 1048576K
}
Event: 243.203 GC heap before
{Heap before GC invocations=33 (full 2):
 garbage-first heap   total reserved 2058240K, committed 67584K, used 57737K [0x0000000082600000, 0x0000000100000000)
  region size 1024K, 30 young (30720K), 0 survivors (0K)
 Metaspace       used 66638K, committed 67328K, reserved 1114112K
  class space    used 9682K, committed 9984K, reserved 1048576K
}
Event: 243.205 GC heap after
{Heap after GC invocations=34 (full 2):
 garbage-first heap   total reserved 2058240K, committed 67584K, used 30081K [0x0000000082600000, 0x0000000100000000)
  region size 1024K, 3 young (3072K), 3 survivors (3072K)
 Metaspace       used 66638K, committed 67328K, reserved 1114112K
  class space    used 9682K, committed 9984K, reserved 1048576K
}
Event: 243.429 GC heap before
{Heap before GC invocations=35 (full 2):
 garbage-first heap   total reserved 2058240K, committed 67584K, used 57729K [0x0000000082600000, 0x0000000100000000)
  region size 1024K, 31 young (31744K), 3 survivors (3072K)
 Metaspace       used 66743K, committed 67392K, reserved 1114112K
  class space    used 9696K, committed 9984K, reserved 1048576K
}
Event: 243.432 GC heap after
{Heap after GC invocations=36 (full 2):
 garbage-first heap   total reserved 2058240K, committed 67584K, used 32076K [0x0000000082600000, 0x0000000100000000)
  region size 1024K, 3 young (3072K), 3 survivors (3072K)
 Metaspace       used 66743K, committed 67392K, reserved 1114112K
  class space    used 9696K, committed 9984K, reserved 1048576K
}
Event: 243.695 GC heap before
{Heap before GC invocations=36 (full 2):
 garbage-first heap   total reserved 2058240K, committed 67584K, used 58700K [0x0000000082600000, 0x0000000100000000)
  region size 1024K, 29 young (29696K), 3 survivors (3072K)
 Metaspace       used 67144K, committed 67840K, reserved 1114112K
  class space    used 9723K, committed 10048K, reserved 1048576K
}
Event: 243.699 GC heap after
{Heap after GC invocations=37 (full 2):
 garbage-first heap   total reserved 2058240K, committed 67584K, used 34558K [0x0000000082600000, 0x0000000100000000)
  region size 1024K, 3 young (3072K), 3 survivors (3072K)
 Metaspace       used 67144K, committed 67840K, reserved 1114112K
  class space    used 9723K, committed 10048K, reserved 1048576K
}
Event: 266.657 GC heap before
{Heap before GC invocations=37 (full 2):
 garbage-first heap   total reserved 2058240K, committed 67584K, used 50942K [0x0000000082600000, 0x0000000100000000)
  region size 1024K, 20 young (20480K), 3 survivors (3072K)
 Metaspace       used 67177K, committed 67840K, reserved 1114112K
  class space    used 9725K, committed 10048K, reserved 1048576K
}
Event: 266.695 GC heap after
{Heap after GC invocations=38 (full 3):
 garbage-first heap   total reserved 2058240K, committed 67584K, used 27559K [0x0000000082600000, 0x0000000100000000)
  region size 1024K, 0 young (0K), 0 survivors (0K)
 Metaspace       used 67174K, committed 67840K, reserved 1114112K
  class space    used 9725K, committed 10048K, reserved 1048576K
}
Event: 266.999 GC heap before
{Heap before GC invocations=38 (full 3):
 garbage-first heap   total reserved 2058240K, committed 67584K, used 57255K [0x0000000082600000, 0x0000000100000000)
  region size 1024K, 29 young (29696K), 0 survivors (0K)
 Metaspace       used 67363K, committed 68032K, reserved 1114112K
  class space    used 9753K, committed 10048K, reserved 1048576K
}
Event: 267.002 GC heap after
{Heap after GC invocations=39 (full 3):
 garbage-first heap   total reserved 2058240K, committed 67584K, used 30620K [0x0000000082600000, 0x0000000100000000)
  region size 1024K, 3 young (3072K), 3 survivors (3072K)
 Metaspace       used 67363K, committed 68032K, reserved 1114112K
  class space    used 9753K, committed 10048K, reserved 1048576K
}
Event: 267.228 GC heap before
{Heap before GC invocations=40 (full 3):
 garbage-first heap   total reserved 2058240K, committed 67584K, used 57244K [0x0000000082600000, 0x0000000100000000)
  region size 1024K, 30 young (30720K), 3 survivors (3072K)
 Metaspace       used 67446K, committed 68160K, reserved 1114112K
  class space    used 9765K, committed 10112K, reserved 1048576K
}
Event: 267.232 GC heap after
{Heap after GC invocations=41 (full 3):
 garbage-first heap   total reserved 2058240K, committed 67584K, used 32643K [0x0000000082600000, 0x0000000100000000)
  region size 1024K, 3 young (3072K), 3 survivors (3072K)
 Metaspace       used 67446K, committed 68160K, reserved 1114112K
  class space    used 9765K, committed 10112K, reserved 1048576K
}
Event: 267.542 GC heap before
{Heap before GC invocations=41 (full 3):
 garbage-first heap   total reserved 2058240K, committed 67584K, used 58243K [0x0000000082600000, 0x0000000100000000)
  region size 1024K, 28 young (28672K), 3 survivors (3072K)
 Metaspace       used 67840K, committed 68544K, reserved 1114112K
  class space    used 9791K, committed 10112K, reserved 1048576K
}
Event: 267.546 GC heap after
{Heap after GC invocations=42 (full 3):
 garbage-first heap   total reserved 2058240K, committed 81920K, used 35088K [0x0000000082600000, 0x0000000100000000)
  region size 1024K, 3 young (3072K), 3 survivors (3072K)
 Metaspace       used 67840K, committed 68544K, reserved 1114112K
  class space    used 9791K, committed 10112K, reserved 1048576K
}
Event: 269.148 GC heap before
{Heap before GC invocations=42 (full 3):
 garbage-first heap   total reserved 2058240K, committed 81920K, used 53520K [0x0000000082600000, 0x0000000100000000)
  region size 1024K, 22 young (22528K), 3 survivors (3072K)
 Metaspace       used 67899K, committed 68608K, reserved 1114112K
  class space    used 9796K, committed 10112K, reserved 1048576K
}

Dll operation events (14 events):
Event: 0.157 Loaded shared library C:\Users\user\.jdks\openjdk-22.0.1\bin\java.dll
Event: 0.297 Loaded shared library C:\Users\user\.jdks\openjdk-22.0.1\bin\zip.dll
Event: 0.364 Loaded shared library C:\Users\user\.jdks\openjdk-22.0.1\bin\instrument.dll
Event: 0.380 Loaded shared library C:\Users\user\.jdks\openjdk-22.0.1\bin\net.dll
Event: 0.381 Loaded shared library C:\Users\user\.jdks\openjdk-22.0.1\bin\nio.dll
Event: 0.383 Loaded shared library C:\Users\user\.jdks\openjdk-22.0.1\bin\zip.dll
Event: 0.651 Loaded shared library D:\JetBrains\IntelliJ IDEA 2024.1\bin\breakgen64.dll
Event: 0.778 Loaded shared library C:\Users\user\.jdks\openjdk-22.0.1\bin\extnet.dll
Event: 0.867 Loaded shared library C:\Users\user\.jdks\openjdk-22.0.1\bin\jimage.dll
Event: 0.910 Loaded shared library C:\Users\user\.jdks\openjdk-22.0.1\bin\management.dll
Event: 0.935 Loaded shared library C:\Users\user\.jdks\openjdk-22.0.1\bin\management_ext.dll
Event: 10.033 Loaded shared library C:\Users\user\.jdks\openjdk-22.0.1\bin\le.dll
Event: 15.824 Loaded shared library C:\Users\user\.jdks\openjdk-22.0.1\bin\sunmscapi.dll
Event: 30.781 Loaded shared library C:\Users\user\.jdks\openjdk-22.0.1\bin\verify.dll

Deoptimization events (4 events):
Event: 20.907 Thread 0x000001d7d562d830 DEOPT PACKING pc=0x000001d788a7529c sp=0x0000006a269fbce0
Event: 20.907 Thread 0x000001d7d562d830 DEOPT UNPACKING pc=0x000001d7882d4e42 sp=0x0000006a269fb288 mode 0
Event: 20.907 Thread 0x000001d7d562d830 DEOPT PACKING pc=0x000001d7889fe66c sp=0x0000006a269fbee0
Event: 20.907 Thread 0x000001d7d562d830 DEOPT UNPACKING pc=0x000001d7882d4e42 sp=0x0000006a269fb3a0 mode 0

Classes loaded (20 events):
Event: 240.020 Loading class java/security/KeyException done
Event: 240.020 Loading class java/security/InvalidKeyException done
Event: 240.021 Loading class java/security/SignatureException
Event: 240.026 Loading class java/security/SignatureException done
Event: 240.027 Loading class javax/net/ssl/SSLSocket
Event: 240.033 Loading class javax/net/ssl/SSLSocket done
Event: 240.034 Loading class java/security/spec/InvalidKeySpecException
Event: 240.035 Loading class java/security/spec/InvalidKeySpecException done
Event: 240.035 Loading class javax/crypto/NoSuchPaddingException
Event: 240.035 Loading class javax/crypto/NoSuchPaddingException done
Event: 240.035 Loading class javax/crypto/IllegalBlockSizeException
Event: 240.036 Loading class javax/crypto/IllegalBlockSizeException done
Event: 240.036 Loading class javax/crypto/BadPaddingException
Event: 240.036 Loading class javax/crypto/BadPaddingException done
Event: 240.095 Loading class java/lang/ref/Finalizer$2
Event: 240.102 Loading class java/lang/ref/Finalizer$2 done
Event: 240.103 Loading class java/lang/ref/Finalizer$1
Event: 240.103 Loading class java/lang/ref/Finalizer$1 done
Event: 241.035 Loading class java/time/DurationEditor
Event: 241.035 Loading class java/time/DurationEditor done

Classes unloaded (20 events):
Event: 242.748 Thread 0x000001d78f758760 Unloading class 0x000001d7918f0c00 'java/lang/invoke/LambdaForm$MH+0x000001d7918f0c00'
Event: 242.748 Thread 0x000001d78f758760 Unloading class 0x000001d7914b9400 'java/lang/invoke/LambdaForm$MH+0x000001d7914b9400'
Event: 242.748 Thread 0x000001d78f758760 Unloading class 0x000001d7914b8400 'java/lang/invoke/LambdaForm$MH+0x000001d7914b8400'
Event: 242.748 Thread 0x000001d78f758760 Unloading class 0x000001d7914aa800 'java/lang/invoke/LambdaForm$MH+0x000001d7914aa800'
Event: 242.748 Thread 0x000001d78f758760 Unloading class 0x000001d7914aa400 'java/lang/invoke/LambdaForm$MH+0x000001d7914aa400'
Event: 242.748 Thread 0x000001d78f758760 Unloading class 0x000001d7914a8800 'java/lang/invoke/LambdaForm$MH+0x000001d7914a8800'
Event: 242.748 Thread 0x000001d78f758760 Unloading class 0x000001d7914a0800 'java/lang/invoke/LambdaForm$MH+0x000001d7914a0800'
Event: 242.748 Thread 0x000001d78f758760 Unloading class 0x000001d791499000 'java/lang/invoke/LambdaForm$MH+0x000001d791499000'
Event: 242.748 Thread 0x000001d78f758760 Unloading class 0x000001d7919a0c00 'org/apache/catalina/loader/JdbcLeakPrevention'
Event: 242.748 Thread 0x000001d78f758760 Unloading class 0x000001d791454c00 'java/lang/invoke/LambdaForm$MH+0x000001d791454c00'
Event: 242.748 Thread 0x000001d78f758760 Unloading class 0x000001d791432000 'java/lang/invoke/LambdaForm$MH+0x000001d791432000'
Event: 242.748 Thread 0x000001d78f758760 Unloading class 0x000001d791431000 'java/lang/invoke/LambdaForm$MH+0x000001d791431000'
Event: 242.748 Thread 0x000001d78f758760 Unloading class 0x000001d791430800 'java/lang/invoke/LambdaForm$MH+0x000001d791430800'
Event: 242.748 Thread 0x000001d78f758760 Unloading class 0x000001d79141c800 'java/lang/invoke/LambdaForm$MH+0x000001d79141c800'
Event: 242.748 Thread 0x000001d78f758760 Unloading class 0x000001d791410800 'java/lang/invoke/LambdaForm$MH+0x000001d791410800'
Event: 242.748 Thread 0x000001d78f758760 Unloading class 0x000001d7913b0800 'java/lang/invoke/LambdaForm$MH+0x000001d7913b0800'
Event: 242.748 Thread 0x000001d78f758760 Unloading class 0x000001d791101000 'java/lang/invoke/LambdaForm$MH+0x000001d791101000'
Event: 242.748 Thread 0x000001d78f758760 Unloading class 0x000001d7910c1800 'java/lang/invoke/LambdaForm$MH+0x000001d7910c1800'
Event: 242.748 Thread 0x000001d78f758760 Unloading class 0x000001d791000400 'java/lang/invoke/LambdaForm$MH+0x000001d791000400'
Event: 266.669 Thread 0x000001d78f758760 Unloading class 0x000001d7919a9c00 'org/apache/catalina/loader/JdbcLeakPrevention'

Classes redefined (0 events):
No events

Internal exceptions (20 events):
Event: 242.786 Thread 0x000001d7d67bc2f0 Exception <a 'sun/nio/fs/WindowsException'{0x000000008a36e960}> (0x000000008a36e960) 
thrown [s\open\src\hotspot\share\prims\jni.cpp, line 520]
Event: 243.233 Thread 0x000001d7d67bc2f0 Exception <a 'java/lang/NoClassDefFoundError'{0x000000008a053778}: org/flywaydb/core/Flyway> (0x000000008a053778) 
thrown [s\open\src\hotspot\share\oops\constantPool.cpp, line 872]
Event: 243.233 Thread 0x000001d7d67bc2f0 Exception <a 'java/lang/NoClassDefFoundError'{0x000000008a053dd8}: liquibase/integration/spring/SpringLiquibase> (0x000000008a053dd8) 
thrown [s\open\src\hotspot\share\oops\constantPool.cpp, line 872]
Event: 243.235 Thread 0x000001d7d67bc2f0 Exception <a 'java/lang/NoClassDefFoundError'{0x000000008a08ffa0}: org/jooq/DSLContext> (0x000000008a08ffa0) 
thrown [s\open\src\hotspot\share\oops\constantPool.cpp, line 872]
Event: 243.237 Thread 0x000001d7d67bc2f0 Exception <a 'java/lang/NoClassDefFoundError'{0x000000008a0f2220}: org/springframework/batch/core/repository/JobRepository> (0x000000008a0f2220) 
thrown [s\open\src\hotspot\share\oops\constantPool.cpp, line 872]
Event: 243.237 Thread 0x000001d7d67bc2f0 Exception <a 'java/lang/NoClassDefFoundError'{0x000000008a0f2878}: org/quartz/Scheduler> (0x000000008a0f2878) 
thrown [s\open\src\hotspot\share\oops\constantPool.cpp, line 872]
Event: 243.237 Thread 0x000001d7d67bc2f0 Exception <a 'java/lang/NoClassDefFoundError'{0x000000008a0f2ef8}: org/springframework/session/jdbc/JdbcIndexedSessionRepository> (0x000000008a0f2ef8) 
thrown [s\open\src\hotspot\share\oops\constantPool.cpp, line 872]
Event: 243.288 Thread 0x000001d7d67bc2f0 Exception <a 'java/io/FileNotFoundException'{0x00000000860d3430}> (0x00000000860d3430) 
thrown [s\open\src\hotspot\share\prims\jni.cpp, line 520]
Event: 243.311 Thread 0x000001d7d67bc2f0 Exception <a 'java/io/FileNotFoundException'{0x0000000085edd880}> (0x0000000085edd880) 
thrown [s\open\src\hotspot\share\prims\jni.cpp, line 520]
Event: 266.657 Thread 0x000001d7d67bdd30 Exception <a 'java/lang/InterruptedException'{0x0000000085714800}: sleep interrupted> (0x0000000085714800) 
thrown [s\open\src\hotspot\share\prims\jvm.cpp, line 3093]
Event: 266.702 Thread 0x000001d7d7ed0ee0 Exception <a 'sun/nio/fs/WindowsException'{0x000000008a373bd8}> (0x000000008a373bd8) 
thrown [s\open\src\hotspot\share\prims\jni.cpp, line 520]
Event: 267.027 Thread 0x000001d7d7ed0ee0 Exception <a 'java/lang/NoClassDefFoundError'{0x0000000089f498c0}: org/flywaydb/core/Flyway> (0x0000000089f498c0) 
thrown [s\open\src\hotspot\share\oops\constantPool.cpp, line 872]
Event: 267.027 Thread 0x000001d7d7ed0ee0 Exception <a 'java/lang/NoClassDefFoundError'{0x0000000089f49f20}: liquibase/integration/spring/SpringLiquibase> (0x0000000089f49f20) 
thrown [s\open\src\hotspot\share\oops\constantPool.cpp, line 872]
Event: 267.029 Thread 0x000001d7d7ed0ee0 Exception <a 'java/lang/NoClassDefFoundError'{0x0000000089f86100}: org/jooq/DSLContext> (0x0000000089f86100) 
thrown [s\open\src\hotspot\share\oops\constantPool.cpp, line 872]
Event: 267.033 Thread 0x000001d7d7ed0ee0 Exception <a 'java/lang/NoClassDefFoundError'{0x0000000089fe8388}: org/springframework/batch/core/repository/JobRepository> (0x0000000089fe8388) 
thrown [s\open\src\hotspot\share\oops\constantPool.cpp, line 872]
Event: 267.033 Thread 0x000001d7d7ed0ee0 Exception <a 'java/lang/NoClassDefFoundError'{0x0000000089fe89e0}: org/quartz/Scheduler> (0x0000000089fe89e0) 
thrown [s\open\src\hotspot\share\oops\constantPool.cpp, line 872]
Event: 267.033 Thread 0x000001d7d7ed0ee0 Exception <a 'java/lang/NoClassDefFoundError'{0x0000000089fe9060}: org/springframework/session/jdbc/JdbcIndexedSessionRepository> (0x0000000089fe9060) 
thrown [s\open\src\hotspot\share\oops\constantPool.cpp, line 872]
Event: 267.086 Thread 0x000001d7d7ed0ee0 Exception <a 'java/io/FileNotFoundException'{0x0000000085fc84e0}> (0x0000000085fc84e0) 
thrown [s\open\src\hotspot\share\prims\jni.cpp, line 520]
Event: 267.110 Thread 0x000001d7d7ed0ee0 Exception <a 'java/io/FileNotFoundException'{0x0000000085dd3c78}> (0x0000000085dd3c78) 
thrown [s\open\src\hotspot\share\prims\jni.cpp, line 520]
Event: 269.148 Thread 0x000001d7d7ed01c0 Exception <a 'java/lang/InterruptedException'{0x0000000086326b68}: sleep interrupted> (0x0000000086326b68) 
thrown [s\open\src\hotspot\share\prims\jvm.cpp, line 3093]

ZGC Phase Switch (0 events):
No events

VM Operations (20 events):
Event: 243.699 Executing VM operation: G1CollectForAllocation (G1 Evacuation Pause) done
Event: 244.700 Executing VM operation: Cleanup
Event: 244.700 Executing VM operation: Cleanup done
Event: 253.760 Executing VM operation: Cleanup
Event: 253.760 Executing VM operation: Cleanup done
Event: 266.657 Executing VM operation: G1CollectFull (System.gc())
Event: 266.695 Executing VM operation: G1CollectFull (System.gc()) done
Event: 266.999 Executing VM operation: G1CollectForAllocation (G1 Evacuation Pause)
Event: 267.002 Executing VM operation: G1CollectForAllocation (G1 Evacuation Pause) done
Event: 267.044 Executing VM operation: G1PauseRemark
Event: 267.047 Executing VM operation: G1PauseRemark done
Event: 267.061 Executing VM operation: G1PauseCleanup
Event: 267.061 Executing VM operation: G1PauseCleanup done
Event: 267.228 Executing VM operation: G1CollectForAllocation (G1 Evacuation Pause)
Event: 267.232 Executing VM operation: G1CollectForAllocation (G1 Evacuation Pause) done
Event: 267.542 Executing VM operation: G1CollectForAllocation (G1 Evacuation Pause)
Event: 267.546 Executing VM operation: G1CollectForAllocation (G1 Evacuation Pause) done
Event: 268.559 Executing VM operation: Cleanup
Event: 268.559 Executing VM operation: Cleanup done
Event: 269.148 Executing VM operation: G1CollectFull (System.gc())

Events (20 events):
Event: 269.143 Thread 0x000001d7d67bea50 Thread exited: 0x000001d7d67bea50
Event: 269.143 Thread 0x000001d7d67bc980 Thread exited: 0x000001d7d67bc980
Event: 269.143 Thread 0x000001d7d67bf0e0 Thread exited: 0x000001d7d67bf0e0
Event: 269.143 Thread 0x000001d7d7ecc6b0 Thread exited: 0x000001d7d7ecc6b0
Event: 269.143 Thread 0x000001d7d7ed0850 Thread exited: 0x000001d7d7ed0850
Event: 269.143 Thread 0x000001d7d7eccd40 Thread exited: 0x000001d7d7eccd40
Event: 269.143 Thread 0x000001d7d7ec9f50 Thread exited: 0x000001d7d7ec9f50
Event: 269.143 Thread 0x000001d7d7ecfb30 Thread exited: 0x000001d7d7ecfb30
Event: 269.143 Thread 0x000001d7d7eca5e0 Thread exited: 0x000001d7d7eca5e0
Event: 269.143 Thread 0x000001d7d7ed1570 Thread exited: 0x000001d7d7ed1570
Event: 269.143 Thread 0x000001d7d7ece0f0 Thread exited: 0x000001d7d7ece0f0
Event: 269.143 Thread 0x000001d7d67bc2f0 Thread exited: 0x000001d7d67bc2f0
Event: 269.143 Thread 0x000001d7d7ecc020 Thread exited: 0x000001d7d7ecc020
Event: 269.145 Thread 0x000001d7d67bd6a0 Thread added: 0x000001d7d67bd6a0
Event: 269.145 Thread 0x000001d7d7ecd3d0 Thread exited: 0x000001d7d7ecd3d0
Event: 269.145 Thread 0x000001d7d7ecac70 Thread exited: 0x000001d7d7ecac70
Event: 269.146 Thread 0x000001d7d67bd6a0 Thread exited: 0x000001d7d67bd6a0
Event: 269.148 Thread 0x000001d7d7ecee10 Thread exited: 0x000001d7d7ecee10
Event: 269.148 Thread 0x000001d7d7ed01c0 Thread exited: 0x000001d7d7ed01c0
Event: 269.148 Thread 0x000001d7d7ecf4a0 Thread exited: 0x000001d7d7ecf4a0


Dynamic libraries:
0x00007ff6ba720000 - 0x00007ff6ba72e000 	C:\Users\user\.jdks\openjdk-22.0.1\bin\java.exe
0x00007ffd492f0000 - 0x00007ffd494e8000 	C:\Windows\SYSTEM32\ntdll.dll
0x00007ffd476e0000 - 0x00007ffd477a2000 	C:\Windows\System32\KERNEL32.DLL
0x00007ffd46f40000 - 0x00007ffd47236000 	C:\Windows\System32\KERNELBASE.dll
0x00007ffd469b0000 - 0x00007ffd46ab0000 	C:\Windows\System32\ucrtbase.dll
0x00007ffd41dc0000 - 0x00007ffd41dd7000 	C:\Users\user\.jdks\openjdk-22.0.1\bin\jli.dll
0x00007ffd48cd0000 - 0x00007ffd48e71000 	C:\Windows\System32\USER32.dll
0x00007ffd46e60000 - 0x00007ffd46e82000 	C:\Windows\System32\win32u.dll
0x00007ffd48840000 - 0x00007ffd4886b000 	C:\Windows\System32\GDI32.dll
0x00007ffd46b40000 - 0x00007ffd46c59000 	C:\Windows\System32\gdi32full.dll
0x00007ffd46c60000 - 0x00007ffd46cfd000 	C:\Windows\System32\msvcp_win.dll
0x00007ffd41810000 - 0x00007ffd4182b000 	C:\Users\user\.jdks\openjdk-22.0.1\bin\VCRUNTIME140.dll
0x00007ffd38ea0000 - 0x00007ffd3913b000 	C:\Windows\WinSxS\amd64_microsoft.windows.common-controls_6595b64144ccf1df_6.0.19041.6456_none_60b8a6cb71f64256\COMCTL32.dll
0x00007ffd48ef0000 - 0x00007ffd48f8e000 	C:\Windows\System32\msvcrt.dll
0x00007ffd491b0000 - 0x00007ffd491df000 	C:\Windows\System32\IMM32.DLL
0x00007ffd41db0000 - 0x00007ffd41dbc000 	C:\Users\user\.jdks\openjdk-22.0.1\bin\vcruntime140_1.dll
0x00007ffd2d990000 - 0x00007ffd2da1e000 	C:\Users\user\.jdks\openjdk-22.0.1\bin\msvcp140.dll
0x00007ffd1eea0000 - 0x00007ffd1fbe7000 	C:\Users\user\.jdks\openjdk-22.0.1\bin\server\jvm.dll
0x00007ffd47fb0000 - 0x00007ffd48061000 	C:\Windows\System32\ADVAPI32.dll
0x00007ffd48bd0000 - 0x00007ffd48c6f000 	C:\Windows\System32\sechost.dll
0x00007ffd475b0000 - 0x00007ffd476d0000 	C:\Windows\System32\RPCRT4.dll
0x00007ffd46980000 - 0x00007ffd469a7000 	C:\Windows\System32\bcrypt.dll
0x00007ffd48e80000 - 0x00007ffd48eeb000 	C:\Windows\System32\WS2_32.dll
0x00007ffd46390000 - 0x00007ffd463db000 	C:\Windows\SYSTEM32\POWRPROF.dll
0x00007ffd37dd0000 - 0x00007ffd37df7000 	C:\Windows\SYSTEM32\WINMM.dll
0x00007ffd41ac0000 - 0x00007ffd41aca000 	C:\Windows\SYSTEM32\VERSION.dll
0x00007ffd46340000 - 0x00007ffd46352000 	C:\Windows\SYSTEM32\UMPDC.dll
0x00007ffd44810000 - 0x00007ffd44822000 	C:\Windows\SYSTEM32\kernel.appcore.dll
0x00007ffd38470000 - 0x00007ffd3847a000 	C:\Users\user\.jdks\openjdk-22.0.1\bin\jimage.dll
0x00007ffd37bc0000 - 0x00007ffd37dc1000 	C:\Windows\SYSTEM32\DBGHELP.DLL
0x00007ffd33b70000 - 0x00007ffd33ba4000 	C:\Windows\SYSTEM32\dbgcore.DLL
0x00007ffd46ab0000 - 0x00007ffd46b32000 	C:\Windows\System32\bcryptPrimitives.dll
0x00007ffd38460000 - 0x00007ffd3846f000 	C:\Users\user\.jdks\openjdk-22.0.1\bin\instrument.dll
0x00007ffd35930000 - 0x00007ffd3594e000 	C:\Users\user\.jdks\openjdk-22.0.1\bin\java.dll
0x00007ffd480d0000 - 0x00007ffd48840000 	C:\Windows\System32\SHELL32.dll
0x00007ffd47480000 - 0x00007ffd475ab000 	C:\Windows\System32\ole32.dll
0x00007ffd48870000 - 0x00007ffd48bc4000 	C:\Windows\System32\combase.dll
0x00007ffd44a10000 - 0x00007ffd451b5000 	C:\Windows\SYSTEM32\windows.storage.dll
0x00007ffd46360000 - 0x00007ffd4638b000 	C:\Windows\SYSTEM32\Wldp.dll
0x00007ffd473b0000 - 0x00007ffd4747d000 	C:\Windows\System32\OLEAUT32.dll
0x00007ffd491e0000 - 0x00007ffd4928d000 	C:\Windows\System32\SHCORE.dll
0x00007ffd48070000 - 0x00007ffd480cb000 	C:\Windows\System32\shlwapi.dll
0x00007ffd468b0000 - 0x00007ffd468d4000 	C:\Windows\SYSTEM32\profapi.dll
0x00007ffd2d970000 - 0x00007ffd2d987000 	C:\Users\user\.jdks\openjdk-22.0.1\bin\zip.dll
0x00007ffd38450000 - 0x00007ffd38460000 	C:\Users\user\.jdks\openjdk-22.0.1\bin\net.dll
0x00007ffd460a0000 - 0x00007ffd4610a000 	C:\Windows\system32\mswsock.dll
0x00007ffd33940000 - 0x00007ffd33956000 	C:\Users\user\.jdks\openjdk-22.0.1\bin\nio.dll
0x00007ffd2d920000 - 0x00007ffd2d93a000 	D:\JetBrains\IntelliJ IDEA 2024.1\bin\breakgen64.dll
0x00007ffd2d960000 - 0x00007ffd2d969000 	C:\Users\user\.jdks\openjdk-22.0.1\bin\extnet.dll
0x00007ffd45dc0000 - 0x00007ffd45e8a000 	C:\Windows\SYSTEM32\DNSAPI.dll
0x00007ffd45d80000 - 0x00007ffd45dbb000 	C:\Windows\SYSTEM32\IPHLPAPI.DLL
0x00007ffd491a0000 - 0x00007ffd491a8000 	C:\Windows\System32\NSI.dll
0x000000005a450000 - 0x000000005a476000 	C:\Program Files\Bonjour\mdnsNSP.dll
0x00007ffd3a9b0000 - 0x00007ffd3a9ba000 	C:\Windows\System32\rasadhlp.dll
0x00007ffd3aa40000 - 0x00007ffd3aac0000 	C:\Windows\System32\fwpuclnt.dll
0x00007ffd33be0000 - 0x00007ffd33bea000 	C:\Users\user\.jdks\openjdk-22.0.1\bin\management.dll
0x00007ffd33930000 - 0x00007ffd3393b000 	C:\Users\user\.jdks\openjdk-22.0.1\bin\management_ext.dll
0x00007ffd476d0000 - 0x00007ffd476d8000 	C:\Windows\System32\PSAPI.DLL
0x00007ffd46290000 - 0x00007ffd462a8000 	C:\Windows\SYSTEM32\CRYPTSP.dll
0x00007ffd459c0000 - 0x00007ffd459f8000 	C:\Windows\system32\rsaenh.dll
0x00007ffd46830000 - 0x00007ffd4685e000 	C:\Windows\SYSTEM32\USERENV.dll
0x00007ffd462b0000 - 0x00007ffd462bc000 	C:\Windows\SYSTEM32\CRYPTBASE.dll
0x00007ffd2bc00000 - 0x00007ffd2bc17000 	C:\Windows\system32\napinsp.dll
0x00007ffd2bbe0000 - 0x00007ffd2bbfb000 	C:\Windows\system32\pnrpnsp.dll
0x00007ffd2bbc0000 - 0x00007ffd2bbdd000 	C:\Windows\system32\wshbth.dll
0x00007ffd41d90000 - 0x00007ffd41dad000 	C:\Windows\system32\NLAapi.dll
0x00007ffd2bba0000 - 0x00007ffd2bbb2000 	C:\Windows\System32\winrnr.dll
0x00007ffd2d910000 - 0x00007ffd2d91b000 	C:\Users\user\.jdks\openjdk-22.0.1\bin\le.dll
0x00007ffd31870000 - 0x00007ffd3187e000 	C:\Users\user\.jdks\openjdk-22.0.1\bin\sunmscapi.dll
0x00007ffd46d00000 - 0x00007ffd46e5d000 	C:\Windows\System32\CRYPT32.dll
0x00007ffd46420000 - 0x00007ffd46447000 	C:\Windows\SYSTEM32\ncrypt.dll
0x00007ffd463e0000 - 0x00007ffd4641b000 	C:\Windows\SYSTEM32\NTASN1.dll
0x00007ffd2d900000 - 0x00007ffd2d910000 	C:\Users\user\.jdks\openjdk-22.0.1\bin\verify.dll
0x00007ffd17ee0000 - 0x00007ffd17ee7000 	C:\Windows\system32\wshunix.dll

dbghelp: loaded successfully - version: 4.0.5 - missing functions: none
symbol engine: initialized successfully - sym options: 0x614 - pdb path: .;C:\Users\user\.jdks\openjdk-22.0.1\bin;C:\Windows\SYSTEM32;C:\Windows\WinSxS\amd64_microsoft.windows.common-controls_6595b64144ccf1df_6.0.19041.6456_none_60b8a6cb71f64256;C:\Users\user\.jdks\openjdk-22.0.1\bin\server;D:\JetBrains\IntelliJ IDEA 2024.1\bin;C:\Program Files\Bonjour

VM Arguments:
jvm_args: -XX:TieredStopAtLevel=1 -Dspring.output.ansi.enabled=always -Dcom.sun.management.jmxremote -Dspring.jmx.enabled=true -Dspring.liveBeansView.mbeanDomain -Dspring.application.admin.enabled=true -Dmanagement.endpoints.jmx.exposure.include=* -javaagent:D:\JetBrains\IntelliJ IDEA 2024.1\lib\idea_rt.jar=51910:D:\JetBrains\IntelliJ IDEA 2024.1\bin -Dfile.encoding=UTF-8 -Dsun.stdout.encoding=UTF-8 -Dsun.stderr.encoding=UTF-8 
java_command: com.AndresSanchezDev.SISTEMASPURI.SistemaspuriApplication
java_class_path (initial): D:\SISTEMASPURI\target\classes;C:\Users\user\.m2\repository\org\springframework\boot\spring-boot-starter-data-jpa\3.5.5\spring-boot-starter-data-jpa-3.5.5.jar;C:\Users\user\.m2\repository\org\springframework\boot\spring-boot-starter\3.5.5\spring-boot-starter-3.5.5.jar;C:\Users\user\.m2\repository\org\springframework\boot\spring-boot-starter-logging\3.5.5\spring-boot-starter-logging-3.5.5.jar;C:\Users\user\.m2\repository\ch\qos\logback\logback-classic\1.5.18\logback-classic-1.5.18.jar;C:\Users\user\.m2\repository\ch\qos\logback\logback-core\1.5.18\logback-core-1.5.18.jar;C:\Users\user\.m2\repository\org\apache\logging\log4j\log4j-to-slf4j\2.24.3\log4j-to-slf4j-2.24.3.jar;C:\Users\user\.m2\repository\org\apache\logging\log4j\log4j-api\2.24.3\log4j-api-2.24.3.jar;C:\Users\user\.m2\repository\org\slf4j\jul-to-slf4j\2.0.17\jul-to-slf4j-2.0.17.jar;C:\Users\user\.m2\repository\jakarta\annotation\jakarta.annotation-api\2.1.1\jakarta.annotation-api-2.1.1.jar;C:\Users\user\.m2\repository\org\yaml\snakeyaml\2.4\snakeyaml-2.4.jar;C:\Users\user\.m2\repository\org\springframework\boot\spring-boot-starter-jdbc\3.5.5\spring-boot-starter-jdbc-3.5.5.jar;C:\Users\user\.m2\repository\com\zaxxer\HikariCP\6.3.2\HikariCP-6.3.2.jar;C:\Users\user\.m2\repository\org\springframework\spring-jdbc\6.2.10\spring-jdbc-6.2.10.jar;C:\Users\user\.m2\repository\org\hibernate\orm\hibernate-core\6.6.26.Final\hibernate-core-6.6.26.Final.jar;C:\Users\user\.m2\repository\jakarta\persistence\jakarta.persistence-api\3.1.0\jakarta.persistence-api-3.1.0.jar;C:\Users\user\.m2\repository\jakarta\transaction\jakarta.transaction-api\2.0.1\jakarta.transaction-api-2.0.1.jar;C:\Users\user\.m2\repository\org\jboss\logging\jboss-logging\3.6.1.Final\jboss-logging-3.6.1.Final.jar;C:\Users\user\.m2\repository\org\hibernate\common\hibernate-commons-annotations\7.0.3.Final\hibernate-commons-annotations-7.0.3.Final.jar;C:\Users\user\.m2\repository\io\smallrye\jandex\3.2.0\jandex-3.2.0.jar;C:\Users\user\.m2\repository\com\fasterxml\classmate\1.7.0\classmate-1.7.0.jar;C:\Users\user\.m2\repository\net\bytebuddy\byte-buddy\1.17.7\byte-buddy-1.17.7.jar;C:\Users\user\.m2\repository\org\glassfish\jaxb\jaxb-runtime\4.0.5\jaxb-runtime-4.0.5.jar;C:\Users\user\.m2\repository\org\glassfish\jaxb\jaxb-core\4.0.5\jaxb-core-4.0.5.jar;C:\Users\user\.m2\repository\org\eclipse\angus\angus-activation\2.0.2\angus-activation-2.0.2.jar;C:\Users\user\.m2\repository\org\glassfish\jaxb\txw2\4.0.5\txw2-4.0.5.jar;C:\Users\user\.m2\repository\com\sun\istack\istack-commons-runtime\4.1.2\istack-commons-runtime-4.1.2.jar;C:\Users\user\.m2\repository\jakarta\inject\jakarta.inject-api\2.0.1\jakarta.inject-api-2.0.1.jar;C:\Users\user\.m2\repository\org\antlr\antlr4-runtime\4.13.0\antlr4-runtime-4.13.0.jar;C:\Users\user\.m2\repository\org\springframework\data\spring-data-jpa\3.5.3\spring-data-jpa-3.5.3.jar;C:\Users\user\.m2\repository\org\springframework\data\spring-data-commons\3.5.3\spring-data-commons-3.5.3.jar;C:\Users\user\.m2\repository\org\springframework\spring-orm\6.2.10\spring-orm-6.2.10.jar;C:\Users\user\.m2\repository\org\springframework\spring-context\6.2.10\spring-context-6.2.10.jar;C:\Users\user\.m2\repository\org\springframework\spring-tx\6.2.10\spring-tx-6.2.10.jar;C:\Users\user\.m2\repository\org\springframework\spring-beans\6.2.10\spring-beans-6.2.10.jar;C:\Users\user\.m2\repository\org\slf4j\slf4j-api\2.0.17\slf4j-api-2.0.17.jar;C:\Users\user\.m2\repository\org\springframework\spring-aspects\6.2.10\spring-aspects-6.2.10.jar;C:\Users\user\.m2\repository\org\aspectj\aspectjweaver\1.9.24\aspectjweaver-1.9.24.jar;C:\Users\user\.m2\repository\org\springframework\boot\spring-boot-starter-security\3.5.5\spring-boot-starter-security-3.5.5.jar;C:\Users\user\.m2\repository\org\springframework\spring-aop\6.2.10\spring-aop-6.2.10.jar;C:\Users\user\.m2\repository\org\springframework\security\spring-security-config\6.5.3\spring-security-config-6.5.3.jar;C:\Users\user\.m2\repository\org\springframework\security\spring-security-web\6.5.3\spring-security-web-6.5.3.jar;C:\Users\user\.m2\repository\org\springframework\spring-expression\6.2.10\spring-expression-6.2.10.jar;C:\Users\user\.m2\repository\org\springframework\boot\spring-boot-starter-web\3.5.5\spring-boot-starter-web-3.5.5.jar;C:\Users\user\.m2\repository\org\springframework\boot\spring-boot-starter-json\3.5.5\spring-boot-starter-json-3.5.5.jar;C:\Users\user\.m2\repository\com\fasterxml\jackson\core\jackson-databind\2.19.2\jackson-databind-2.19.2.jar;C:\Users\user\.m2\repository\com\fasterxml\jackson\core\jackson-annotations\2.19.2\jackson-annotations-2.19.2.jar;C:\Users\user\.m2\repository\com\fasterxml\jackson\core\jackson-core\2.19.2\jackson-core-2.19.2.jar;C:\Users\user\.m2\repository\com\fasterxml\jackson\datatype\jackson-datatype-jdk8\2.19.2\jackson-datatype-jdk8-2.19.2.jar;C:\Users\user\.m2\repository\com\fasterxml\jackson\datatype\jackson-datatype-jsr310\2.19.2\jackson-datatype-jsr310-2.19.2.jar;C:\Users\user\.m2\repository\com\fasterxml\jackson\module\jackson-module-parameter-names\2.19.2\jackson-module-parameter-names-2.19.2.jar;C:\Users\user\.m2\repository\org\springframework\boot\spring-boot-starter-tomcat\3.5.5\spring-boot-starter-tomcat-3.5.5.jar;C:\Users\user\.m2\repository\org\apache\tomcat\embed\tomcat-embed-core\10.1.44\tomcat-embed-core-10.1.44.jar;C:\Users\user\.m2\repository\org\apache\tomcat\embed\tomcat-embed-el\10.1.44\tomcat-embed-el-10.1.44.jar;C:\Users\user\.m2\repository\org\apache\tomcat\embed\tomcat-embed-websocket\10.1.44\tomcat-embed-websocket-10.1.44.jar;C:\Users\user\.m2\repository\org\springframework\spring-web\6.2.10\spring-web-6.2.10.jar;C:\Users\user\.m2\repository\io\micrometer\micrometer-observation\1.15.3\micrometer-observation-1.15.3.jar;C:\Users\user\.m2\repository\io\micrometer\micrometer-commons\1.15.3\micrometer-commons-1.15.3.jar;C:\Users\user\.m2\repository\org\springframework\spring-webmvc\6.2.10\spring-webmvc-6.2.10.jar;C:\Users\user\.m2\repository\org\springframework\boot\spring-boot-devtools\3.5.5\spring-boot-devtools-3.5.5.jar;C:\Users\user\.m2\repository\org\springframework\boot\spring-boot\3.5.5\spring-boot-3.5.5.jar;C:\Users\user\.m2\repository\org\springframework\boot\spring-boot-autoconfigure\3.5.5\spring-boot-autoconfigure-3.5.5.jar;C:\Users\user\.m2\repository\com\mysql\mysql-connector-j\9.4.0\mysql-connector-j-9.4.0.jar;C:\Users\user\.m2\repository\jakarta\xml\bind\jakarta.xml.bind-api\4.0.2\jakarta.xml.bind-api-4.0.2.jar;C:\Users\user\.m2\repository\jakarta\activation\jakarta.activation-api\2.1.3\jakarta.activation-api-2.1.3.jar;C:\Users\user\.m2\repository\org\springframework\spring-core\6.2.10\spring-core-6.2.10.jar;C:\Users\user\.m2\repository\org\springframework\spring-jcl\6.2.10\spring-jcl-6.2.10.jar;C:\Users\user\.m2\repository\org\springframework\security\spring-security-core\6.5.3\spring-security-core-6.5.3.jar;C:\Users\user\.m2\repository\org\springframework\security\spring-security-crypto\6.5.3\spring-security-crypto-6.5.3.jar
Launcher Type: SUN_STANDARD

[Global flags]
     intx CICompilerCount                          = 3                                         {product} {ergonomic}
     uint ConcGCThreads                            = 1                                         {product} {ergonomic}
     uint G1ConcRefinementThreads                  = 4                                         {product} {ergonomic}
   size_t G1HeapRegionSize                         = 1048576                                   {product} {ergonomic}
   size_t InitialHeapSize                          = 132120576                                 {product} {ergonomic}
     bool ManagementServer                         = true                                      {product} {command line}
   size_t MarkStackSize                            = 4194304                                   {product} {ergonomic}
   size_t MaxHeapSize                              = 2107637760                                {product} {ergonomic}
   size_t MaxNewSize                               = 1264582656                                {product} {ergonomic}
   size_t MinHeapDeltaBytes                        = 1048576                                   {product} {ergonomic}
   size_t MinHeapSize                              = 8388608                                   {product} {ergonomic}
    uintx NonNMethodCodeHeapSize                   = 4096                                   {pd product} {ergonomic}
    uintx NonProfiledCodeHeapSize                  = 0                                      {pd product} {ergonomic}
     bool ProfileInterpreter                       = false                                  {pd product} {command line}
    uintx ProfiledCodeHeapSize                     = 0                                      {pd product} {ergonomic}
   size_t SoftMaxHeapSize                          = 2107637760                             {manageable} {ergonomic}
     intx TieredStopAtLevel                        = 1                                         {product} {command line}
     bool UseCompressedOops                        = true                           {product lp64_product} {ergonomic}
     bool UseG1GC                                  = true                                      {product} {ergonomic}
     bool UseLargePagesIndividualAllocation        = false                                  {pd product} {ergonomic}

Logging:
Log output configuration:
 #0: stdout all=warning uptime,level,tags foldmultilines=false
 #1: stderr all=off uptime,level,tags foldmultilines=false

Environment Variables:
JAVA_HOME=C:\Program Files\Java\jdk-21
PATH=C:\Program Files\Eclipse Adoptium\jdk-17.0.16.8-hotspot\bin;C:\Program Files\Java\jdk-21\bin;C:\Program Files (x86)\Common Files\Intel\Shared Libraries\redist\intel64\compiler;C:\Program Files\Common Files\Oracle\Java\javapath;C:\Program Files (x86)\Common Files\Oracle\Java\javapath;C:\Windows\system32;C:\Windows;C:\Windows\System32\Wbem;C:\Windows\System32\WindowsPowerShell\v1.0\;C:\Windows\System32\OpenSSH\;C:\Program Files (x86)\Microsoft SQL Server\160\Tools\Binn\;C:\Program Files\Microsoft SQL Server\160\Tools\Binn\;C:\Program Files\Microsoft SQL Server\Client SDK\ODBC\170\Tools\Binn\;C:\Program Files\Microsoft SQL Server\160\DTS\Binn\;C:\Program Files (x86)\Microsoft SQL Server\160\DTS\Binn\;C:\Program Files\Azure Data Studio\bin;C:\Program Files\Git\cmd;C:\Program Files\Eclipse Adoptium\jdk-17.0.16.8-hotspot\bin;C:\Program Files\dotnet\;C:\Users\user\AppData\Roaming\nvm;C:\Program Files\nodejs;C:\apache-maven-3.9.9\bin;C:\Program Files\Microsoft SQL Server\150\Tools\Binn\;D:\dotnet\;C:\Users\user\Downloads\apache-maven-3.9.9;C:\llvm-mingw-20250514-msvcrt-x86_64\bin;C:\Program Files\Dock;C:\Program Files\Docker\Docker\resources\bin;C:\Program Files\MySQL\MySQL Server 8.0\bin;C:\Program Files\MongoDB\Tools\100\bin;C:\Users\user\.console-ninja\.bin;C:\xampp\mysql\bin;C:\Users\user\AppData\Local\Microsoft\WindowsApps;C:\Program Files\Azure Data Studio\bin;C:\Users\user\AppData\Roaming\nvm;C:\Program Files\nodejs;C:\Users\user\.dotnet\tools;C:\Users\user\AppData\Local\Programs\mongosh\;
USERNAME=user
OS=Windows_NT
PROCESSOR_IDENTIFIER=Intel64 Family 6 Model 158 Stepping 11, GenuineIntel
TMP=C:\Users\user\AppData\Local\Temp
TEMP=C:\Users\user\AppData\Local\Temp




Periodic native trim disabled

---------------  S Y S T E M  ---------------

OS:
 Windows 10 , 64 bit Build 19041 (10.0.19041.5915)
OS uptime: 0 days 1:34 hours

CPU: total 4 (initial active 4) (4 cores per cpu, 1 threads per core) family 6 model 158 stepping 11 microcode 0xb4, cx8, cmov, fxsr, mmx, 3dnowpref, sse, sse2, sse3, ssse3, sse4.1, sse4.2, popcnt, lzcnt, tsc, tscinvbit, avx, avx2, aes, erms, clmul, bmi1, bmi2, adx, fma, vzeroupper, clflush, clflushopt, rdtscp, f16c
Processor Information for all 4 processors :
  Max Mhz: 3600, Current Mhz: 3600, Mhz Limit: 3600

Memory: 4k page, system-wide physical 8033M (1113M free)
TotalPageFile size 14054M (AvailPageFile size 8M)
current process WorkingSet (physical memory assigned to process): 239M, peak: 242M
current process commit charge ("private bytes"): 282M, peak: 282M

vm_info: OpenJDK 64-Bit Server VM (22.0.1+8-16) for windows-amd64 JRE (22.0.1+8-16), built on 2024-03-12T10:33:16Z by "mach5one" with MS VC++ 17.6 (VS2022)

END.
